[main] INFO  br.com.plannic.service.UsuarioService  - testando log
[main] INFO  br.com.plannic.service.UsuarioService  - testando log
[main] INFO  br.com.plannic.service.UsuarioService  - ttttttttttttteste
[main] INFO  br.com.plannic.service.UsuarioService  - ttttttttttttteste
[main] INFO  br.com.plannic.service.UsuarioService  - ttttttttttttteste
30 jan. 2021 20:14:43,321 1    [main] INFO  UsuarioService  - ttttttttttttteste
ttttttttttttteste
ttttttttttttteste
30 jan. 2021 20:32:05,800 0    [main] INFO  UsuarioService  - ttttttttttttteste
30 jan. 2021 20:33:08,132 0    [main] INFO  UsuarioService  - ttttttttttttteste
31 jan. 2021 12:38:56,495 0    [main] INFO  UsuarioService  - logando no banco
31 jan. 2021 12:41:22,393 0    [main] INFO  UsuarioService  - logando no banco
31 jan. 2021 12:49:15,292 0    [main] INFO  UsuarioService  - logando no banco
31 jan. 2021 13:15:55,961 0    [main] INFO  UsuarioService  - logando no banco
31 jan. 2021 13:20:22,380 0    [main] INFO  UsuarioService  - logando no banco
31 jan. 2021 13:44:19,496 0    [main] INFO  UsuarioService  - logando no banco
01 fev 2021 20:46:14,954 0    [http-nio-8080-exec-1] INFO  AuthenticateController  - Autenticando o usuário.
01 fev. 2021 21:55:34,146 0    [main] INFO  UsuarioService null - testando log com utc
01 fev. 2021 22:08:05,590 0    [main] INFO  UsuarioService  - testando log com utc
01 fev. 2021 22:08:27,010 0    [main] INFO  UsuarioService  - testando log com utc
01 fev. 2021 22:15:25,494 0    [main] INFO  UsuarioService  - testando log com utc
01 fev. 2021 22:16:45,856 0    [main] INFO  UsuarioService  - testando log com utc
01 fev. 2021 22:18:44,228 0    [main] INFO  UsuarioService  - testando log com utc
01 fev. 2021 22:20:59,768 0    [main] INFO  UsuarioService  - testando log com utc
01 fev. 2021 22:21:57,157 0    [main] INFO  UsuarioService  - testando log com utc
01 fev. 2021 22:24:15,470 0    [main] INFO  UsuarioService  - testando log com utc
01 fev. 2021 22:30:02,819 0    [main] INFO  UsuarioService  - testando log com utc
